<?xml version="1.0" encoding="UTF-8"?>
<testng-results ignored="0" total="3" passed="2" failed="1" skipped="0">
  <reporter-output>
  </reporter-output>
  <suite started-at="2023-02-03T15:19:48 SAST" name="Practice Suite" finished-at="2023-02-03T15:20:37 SAST" duration-ms="48890">
    <groups>
    </groups>
    <test started-at="2023-02-03T15:19:48 SAST" name="Search for Flights" finished-at="2023-02-03T15:20:10 SAST" duration-ms="22241">
      <class name="test.flightsTest">
        <test-method is-config="true" signature="setup()[pri:0, instance:test.flightsTest@7e7be63f]" started-at="2023-02-03T15:19:48 SAST" name="setup" finished-at="2023-02-03T15:20:06 SAST" duration-ms="18068" status="PASS">
          <reporter-output>
          </reporter-output>
        </test-method> <!-- setup -->
        <test-method signature="searchFlights()[pri:0, instance:test.flightsTest@7e7be63f]" started-at="2023-02-03T15:20:06 SAST" name="searchFlights" finished-at="2023-02-03T15:20:10 SAST" duration-ms="4159" status="PASS">
          <reporter-output>
          </reporter-output>
        </test-method> <!-- searchFlights -->
      </class> <!-- test.flightsTest -->
    </test> <!-- Search for Flights -->
    <test started-at="2023-02-03T15:20:15 SAST" name="Login as an agent" finished-at="2023-02-03T15:20:23 SAST" duration-ms="7888">
      <class name="test.LoginTest">
        <test-method is-config="true" signature="setup()[pri:0, instance:test.LoginTest@6253c26]" started-at="2023-02-03T15:20:15 SAST" name="setup" finished-at="2023-02-03T15:20:20 SAST" duration-ms="5041" status="PASS">
          <reporter-output>
          </reporter-output>
        </test-method> <!-- setup -->
        <test-method signature="Login()[pri:0, instance:test.LoginTest@6253c26]" started-at="2023-02-03T15:20:20 SAST" name="Login" finished-at="2023-02-03T15:20:23 SAST" duration-ms="2845" status="PASS">
          <reporter-output>
          </reporter-output>
        </test-method> <!-- Login -->
      </class> <!-- test.LoginTest -->
    </test> <!-- Login as an agent -->
    <test started-at="2023-02-03T15:20:28 SAST" name="Sign UP" finished-at="2023-02-03T15:20:37 SAST" duration-ms="8743">
      <class name="test.signUpTest">
        <test-method is-config="true" signature="setup()[pri:0, instance:test.signUpTest@47e2e487]" started-at="2023-02-03T15:20:28 SAST" name="setup" finished-at="2023-02-03T15:20:35 SAST" duration-ms="7155" status="PASS">
          <reporter-output>
          </reporter-output>
        </test-method> <!-- setup -->
        <test-method signature="addCart()[pri:0, instance:test.signUpTest@47e2e487]" started-at="2023-02-03T15:20:35 SAST" name="addCart" finished-at="2023-02-03T15:20:37 SAST" duration-ms="1577" status="FAIL">
          <exception class="org.openqa.selenium.ElementClickInterceptedException">
            <message>
              <![CDATA[element click intercepted: Element <button type="submit" id="button" class="btn btn-default btn-lg btn-block effect ladda-button waves-effect" data-style="zoom-in" disabled="">...</button> is not clickable at point (594, 853). Other element would receive the click: <span id="cookieconsent:desc" class="cc-message">...</span>
  (Session info: chrome=109.0.5414.119)
Build info: version: '4.4.0', revision: 'e5c75ed026a'
System info: host: 'BoldrZALap0228.local', ip: 'fe80:0:0:0:87c:a67:e37:85c9%en0', os.name: 'Mac OS X', os.arch: 'aarch64', os.version: '12.5', java.version: '17.0.5'
Driver info: org.openqa.selenium.chrome.ChromeDriver
Command: [eaa3b0983779f21caabca47450c93be7, clickElement {id=adf29897-6b07-458a-a684-a7b267d0a10c}]
Capabilities {acceptInsecureCerts: false, browserName: chrome, browserVersion: 109.0.5414.119, chrome: {chromedriverVersion: 109.0.5414.74 (e7c5703604da..., userDataDir: /var/folders/6z/22g43s7n2f5...}, goog:chromeOptions: {debuggerAddress: localhost:52568}, networkConnectionEnabled: false, pageLoadStrategy: normal, platformName: MAC, proxy: Proxy(), se:cdp: ws://localhost:52568/devtoo..., se:cdpVersion: 109.0.5414.119, setWindowRect: true, strictFileInteractability: false, timeouts: {implicit: 0, pageLoad: 300000, script: 30000}, unhandledPromptBehavior: dismiss and notify, webauthn:extension:credBlob: true, webauthn:extension:largeBlob: true, webauthn:virtualAuthenticators: true}
Element: [[ChromeDriver: chrome on MAC (eaa3b0983779f21caabca47450c93be7)] -> xpath: //button[@id='button']]
Session ID: eaa3b0983779f21caabca47450c93be7]]>
            </message>
            <full-stacktrace>
              <![CDATA[org.openqa.selenium.ElementClickInterceptedException: element click intercepted: Element <button type="submit" id="button" class="btn btn-default btn-lg btn-block effect ladda-button waves-effect" data-style="zoom-in" disabled="">...</button> is not clickable at point (594, 853). Other element would receive the click: <span id="cookieconsent:desc" class="cc-message">...</span>
  (Session info: chrome=109.0.5414.119)
Build info: version: '4.4.0', revision: 'e5c75ed026a'
System info: host: 'BoldrZALap0228.local', ip: 'fe80:0:0:0:87c:a67:e37:85c9%en0', os.name: 'Mac OS X', os.arch: 'aarch64', os.version: '12.5', java.version: '17.0.5'
Driver info: org.openqa.selenium.chrome.ChromeDriver
Command: [eaa3b0983779f21caabca47450c93be7, clickElement {id=adf29897-6b07-458a-a684-a7b267d0a10c}]
Capabilities {acceptInsecureCerts: false, browserName: chrome, browserVersion: 109.0.5414.119, chrome: {chromedriverVersion: 109.0.5414.74 (e7c5703604da..., userDataDir: /var/folders/6z/22g43s7n2f5...}, goog:chromeOptions: {debuggerAddress: localhost:52568}, networkConnectionEnabled: false, pageLoadStrategy: normal, platformName: MAC, proxy: Proxy(), se:cdp: ws://localhost:52568/devtoo..., se:cdpVersion: 109.0.5414.119, setWindowRect: true, strictFileInteractability: false, timeouts: {implicit: 0, pageLoad: 300000, script: 30000}, unhandledPromptBehavior: dismiss and notify, webauthn:extension:credBlob: true, webauthn:extension:largeBlob: true, webauthn:virtualAuthenticators: true}
Element: [[ChromeDriver: chrome on MAC (eaa3b0983779f21caabca47450c93be7)] -> xpath: //button[@id='button']]
Session ID: eaa3b0983779f21caabca47450c93be7
at java.base/jdk.internal.reflect.NativeConstructorAccessorImpl.newInstance0(Native Method)
at java.base/jdk.internal.reflect.NativeConstructorAccessorImpl.newInstance(NativeConstructorAccessorImpl.java:77)
at java.base/jdk.internal.reflect.DelegatingConstructorAccessorImpl.newInstance(DelegatingConstructorAccessorImpl.java:45)
at java.base/java.lang.reflect.Constructor.newInstanceWithCaller(Constructor.java:499)
at java.base/java.lang.reflect.Constructor.newInstance(Constructor.java:480)
at org.openqa.selenium.remote.codec.w3c.W3CHttpResponseCodec.createException(W3CHttpResponseCodec.java:200)
at org.openqa.selenium.remote.codec.w3c.W3CHttpResponseCodec.decode(W3CHttpResponseCodec.java:133)
at org.openqa.selenium.remote.codec.w3c.W3CHttpResponseCodec.decode(W3CHttpResponseCodec.java:53)
at org.openqa.selenium.remote.HttpCommandExecutor.execute(HttpCommandExecutor.java:184)
at org.openqa.selenium.remote.service.DriverCommandExecutor.invokeExecute(DriverCommandExecutor.java:167)
at org.openqa.selenium.remote.service.DriverCommandExecutor.execute(DriverCommandExecutor.java:142)
at org.openqa.selenium.remote.RemoteWebDriver.execute(RemoteWebDriver.java:547)
at org.openqa.selenium.remote.RemoteWebElement.execute(RemoteWebElement.java:257)
at org.openqa.selenium.remote.RemoteWebElement.click(RemoteWebElement.java:78)
at pages.SignUpPage.clickSignUpBTN(SignUpPage.java:48)
at test.signUpTest.addCart(signUpTest.java:40)
at java.base/jdk.internal.reflect.NativeMethodAccessorImpl.invoke0(Native Method)
at java.base/jdk.internal.reflect.NativeMethodAccessorImpl.invoke(NativeMethodAccessorImpl.java:77)
at java.base/jdk.internal.reflect.DelegatingMethodAccessorImpl.invoke(DelegatingMethodAccessorImpl.java:43)
at java.base/java.lang.reflect.Method.invoke(Method.java:568)
at org.testng.internal.MethodInvocationHelper.invokeMethod(MethodInvocationHelper.java:133)
at org.testng.internal.TestInvoker.invokeMethod(TestInvoker.java:598)
at org.testng.internal.TestInvoker.invokeTestMethod(TestInvoker.java:173)
at org.testng.internal.MethodRunner.runInSequence(MethodRunner.java:46)
at org.testng.internal.TestInvoker$MethodInvocationAgent.invoke(TestInvoker.java:824)
at org.testng.internal.TestInvoker.invokeTestMethods(TestInvoker.java:146)
at org.testng.internal.TestMethodWorker.invokeTestMethods(TestMethodWorker.java:146)
at org.testng.internal.TestMethodWorker.run(TestMethodWorker.java:128)
at java.base/java.util.ArrayList.forEach(ArrayList.java:1511)
at org.testng.TestRunner.privateRun(TestRunner.java:794)
at org.testng.TestRunner.run(TestRunner.java:596)
at org.testng.SuiteRunner.runTest(SuiteRunner.java:377)
at org.testng.SuiteRunner.runSequentially(SuiteRunner.java:371)
at org.testng.SuiteRunner.privateRun(SuiteRunner.java:332)
at org.testng.SuiteRunner.run(SuiteRunner.java:276)
at org.testng.SuiteRunnerWorker.runSuite(SuiteRunnerWorker.java:53)
at org.testng.SuiteRunnerWorker.run(SuiteRunnerWorker.java:96)
at org.testng.TestNG.runSuitesSequentially(TestNG.java:1212)
at org.testng.TestNG.runSuitesLocally(TestNG.java:1134)
at org.testng.TestNG.runSuites(TestNG.java:1063)
at org.testng.TestNG.run(TestNG.java:1031)
at org.testng.remote.AbstractRemoteTestNG.run(AbstractRemoteTestNG.java:115)
at org.testng.remote.RemoteTestNG.initAndRun(RemoteTestNG.java:251)
at org.testng.remote.RemoteTestNG.main(RemoteTestNG.java:77)
]]>
            </full-stacktrace>
          </exception> <!-- org.openqa.selenium.ElementClickInterceptedException -->
          <reporter-output>
          </reporter-output>
        </test-method> <!-- addCart -->
      </class> <!-- test.signUpTest -->
    </test> <!-- Sign UP -->
  </suite> <!-- Practice Suite -->
</testng-results>
